<?xml version="1.0" encoding="UTF-8"?>
<TestRun id="db9c5947-d1bc-40cd-8597-0b3910dbfda4" name="Administrador@GERARDO 2013-10-07 22:19:15" runUser="GERARDO\Administrador" xmlns="http://microsoft.com/schemas/VisualStudio/TeamTest/2010">
  <TestSettings name="Local" id="ea1579ee-3d17-4c7f-a67e-f9786e87a8f9">
    <Description>These are default test settings for a local test run.</Description>
    <Deployment enabled="false" runDeploymentRoot="Administrador_GERARDO 2013-10-07 22_19_15">
      <DeploymentItem filename="C:\Documents and Settings\Administrador\Mis documentos\Visual Studio 2010\Projects\SoftwareDesign\ObserverPattern-Twitter\bin\Debug\SoftwareDesign.Pr2.ObserverPattern.exe" />
    </Deployment>
    <Execution>
      <TestTypeSpecific />
      <AgentRule name="Execution Agents">
      </AgentRule>
    </Execution>
  </TestSettings>
  <Times creation="2013-10-07T22:19:15.8125000+02:00" queuing="2013-10-07T22:19:15.8437500+02:00" start="2013-10-07T22:19:15.8750000+02:00" finish="2013-10-07T22:19:16.5156250+02:00" />
  <ResultSummary outcome="Error">
    <Counters total="3" executed="3" error="3" failed="0" timeout="0" aborted="0" inconclusive="0" passedButRunAborted="0" notRunnable="0" notExecuted="0" disconnected="0" warning="0" passed="0" completed="0" inProgress="0" pending="0" />
  </ResultSummary>
  <TestDefinitions>
    <UnitTest name="addPostTest" storage="c:\documents and settings\administrador\mis documentos\visual studio 2010\projects\softwaredesign\pr2-observerpattern.test\bin\debug\pr2-observerpattern.test.dll" id="dab52190-0783-cdb5-1bd0-6828a0c53a01">
      <Execution id="9f7861e3-f030-4235-b754-8bfaa8fd9dee" />
      <TestMethod codeBase="C:/Documents and Settings/Administrador/Mis documentos/Visual Studio 2010/Projects/SoftwareDesign/Pr2-ObserverPattern.Test/bin/Debug/Pr2-ObserverPattern.Test.DLL" adapterTypeName="Microsoft.VisualStudio.TestTools.TestTypes.Unit.UnitTestAdapter, Microsoft.VisualStudio.QualityTools.Tips.UnitTest.Adapter, Version=10.0.0.0, Culture=neutral, PublicKeyToken=b03f5f7f11d50a3a" className="Pr2_ObserverPattern.Test.UserTest, Pr2-ObserverPattern.Test, Version=1.0.0.0, Culture=neutral, PublicKeyToken=null" name="addPostTest" />
    </UnitTest>
    <UnitTest name="NameTest" storage="c:\documents and settings\administrador\mis documentos\visual studio 2010\projects\softwaredesign\pr2-observerpattern.test\bin\debug\pr2-observerpattern.test.dll" id="42d4e71a-e9a7-f058-5497-ed26a349c300">
      <Execution id="5f20932c-4375-4093-8737-914ee74f7300" />
      <TestMethod codeBase="C:/Documents and Settings/Administrador/Mis documentos/Visual Studio 2010/Projects/SoftwareDesign/Pr2-ObserverPattern.Test/bin/Debug/Pr2-ObserverPattern.Test.DLL" adapterTypeName="Microsoft.VisualStudio.TestTools.TestTypes.Unit.UnitTestAdapter, Microsoft.VisualStudio.QualityTools.Tips.UnitTest.Adapter, Version=10.0.0.0, Culture=neutral, PublicKeyToken=b03f5f7f11d50a3a" className="Pr2_ObserverPattern.Test.UserTest, Pr2-ObserverPattern.Test, Version=1.0.0.0, Culture=neutral, PublicKeyToken=null" name="NameTest" />
    </UnitTest>
    <UnitTest name="UserConstructorTest" storage="c:\documents and settings\administrador\mis documentos\visual studio 2010\projects\softwaredesign\pr2-observerpattern.test\bin\debug\pr2-observerpattern.test.dll" id="d5e4d03e-a51e-d7e1-6449-74af4c77971b">
      <Execution id="cc5efe79-0510-4024-a75b-1102dfdfd6b0" />
      <TestMethod codeBase="C:/Documents and Settings/Administrador/Mis documentos/Visual Studio 2010/Projects/SoftwareDesign/Pr2-ObserverPattern.Test/bin/Debug/Pr2-ObserverPattern.Test.DLL" adapterTypeName="Microsoft.VisualStudio.TestTools.TestTypes.Unit.UnitTestAdapter, Microsoft.VisualStudio.QualityTools.Tips.UnitTest.Adapter, Version=10.0.0.0, Culture=neutral, PublicKeyToken=b03f5f7f11d50a3a" className="Pr2_ObserverPattern.Test.UserTest, Pr2-ObserverPattern.Test, Version=1.0.0.0, Culture=neutral, PublicKeyToken=null" name="UserConstructorTest" />
    </UnitTest>
  </TestDefinitions>
  <TestLists>
    <TestList name="Results Not in a List" id="8c84fa94-04c1-424b-9868-57a2d4851a1d" />
    <TestList name="All Loaded Results" id="19431567-8539-422a-85d7-44ee4e166bda" />
  </TestLists>
  <TestEntries>
    <TestEntry testId="42d4e71a-e9a7-f058-5497-ed26a349c300" executionId="5f20932c-4375-4093-8737-914ee74f7300" testListId="8c84fa94-04c1-424b-9868-57a2d4851a1d" />
    <TestEntry testId="d5e4d03e-a51e-d7e1-6449-74af4c77971b" executionId="cc5efe79-0510-4024-a75b-1102dfdfd6b0" testListId="8c84fa94-04c1-424b-9868-57a2d4851a1d" />
    <TestEntry testId="dab52190-0783-cdb5-1bd0-6828a0c53a01" executionId="9f7861e3-f030-4235-b754-8bfaa8fd9dee" testListId="8c84fa94-04c1-424b-9868-57a2d4851a1d" />
  </TestEntries>
  <Results>
    <UnitTestResult executionId="5f20932c-4375-4093-8737-914ee74f7300" testId="42d4e71a-e9a7-f058-5497-ed26a349c300" testName="NameTest" computerName="GERARDO" startTime="2013-10-07T22:19:15.8750000+02:00" endTime="2013-10-07T22:19:16.3906250+02:00" testType="13cdc9d9-ddb5-4fa4-a97d-d965ccfc6d4b" testListId="8c84fa94-04c1-424b-9868-57a2d4851a1d" relativeResultsDirectory="5f20932c-4375-4093-8737-914ee74f7300">
      <Output>
        <ErrorInfo>
          <Message>Method Pr2_ObserverPattern.Test.UserTest.UserConstructorTest has wrong signature.  The method should be marked static.</Message>
        </ErrorInfo>
      </Output>
    </UnitTestResult>
    <UnitTestResult executionId="cc5efe79-0510-4024-a75b-1102dfdfd6b0" testId="d5e4d03e-a51e-d7e1-6449-74af4c77971b" testName="UserConstructorTest" computerName="GERARDO" startTime="2013-10-07T22:19:16.3906250+02:00" endTime="2013-10-07T22:19:16.4062500+02:00" testType="13cdc9d9-ddb5-4fa4-a97d-d965ccfc6d4b" testListId="8c84fa94-04c1-424b-9868-57a2d4851a1d" relativeResultsDirectory="cc5efe79-0510-4024-a75b-1102dfdfd6b0">
      <Output>
        <ErrorInfo>
          <Message>Method Pr2_ObserverPattern.Test.UserTest.UserConstructorTest has wrong signature.  The method should be marked static.</Message>
        </ErrorInfo>
      </Output>
    </UnitTestResult>
    <UnitTestResult executionId="9f7861e3-f030-4235-b754-8bfaa8fd9dee" testId="dab52190-0783-cdb5-1bd0-6828a0c53a01" testName="addPostTest" computerName="GERARDO" startTime="2013-10-07T22:19:16.4062500+02:00" endTime="2013-10-07T22:19:16.4062500+02:00" testType="13cdc9d9-ddb5-4fa4-a97d-d965ccfc6d4b" testListId="8c84fa94-04c1-424b-9868-57a2d4851a1d" relativeResultsDirectory="9f7861e3-f030-4235-b754-8bfaa8fd9dee">
      <Output>
        <ErrorInfo>
          <Message>Method Pr2_ObserverPattern.Test.UserTest.UserConstructorTest has wrong signature.  The method should be marked static.</Message>
        </ErrorInfo>
      </Output>
    </UnitTestResult>
  </Results>
</TestRun>