<?xml version="1.0" encoding="UTF-8"?>
<TestRun id="61d737c8-4827-4201-849e-a5b2b9e23560" name="Administrador@GERARDO 2013-10-07 21:36:25" runUser="GERARDO\Administrador" xmlns="http://microsoft.com/schemas/VisualStudio/TeamTest/2010">
  <TestSettings name="Local" id="ea1579ee-3d17-4c7f-a67e-f9786e87a8f9">
    <Description>These are default test settings for a local test run.</Description>
    <Deployment enabled="false" runDeploymentRoot="Administrador_GERARDO 2013-10-07 21_36_25">
      <DeploymentItem filename="C:\Documents and Settings\Administrador\Mis documentos\Visual Studio 2010\Projects\SoftwareDesign\ObserverPattern-Twitter\bin\Debug\SoftwareDesign.Pr2.ObserverPattern.exe" />
    </Deployment>
    <Execution>
      <TestTypeSpecific />
      <AgentRule name="Execution Agents">
      </AgentRule>
    </Execution>
  </TestSettings>
  <Times creation="2013-10-07T21:36:25.4375000+02:00" queuing="2013-10-07T21:36:25.4687500+02:00" start="2013-10-07T21:36:25.4843750+02:00" finish="2013-10-07T21:36:26.0000000+02:00" />
  <ResultSummary outcome="Completed">
    <Counters total="1" executed="1" passed="1" error="0" failed="0" timeout="0" aborted="0" inconclusive="0" passedButRunAborted="0" notRunnable="0" notExecuted="0" disconnected="0" warning="0" completed="0" inProgress="0" pending="0" />
  </ResultSummary>
  <TestDefinitions>
    <UnitTest name="UserConstructorTest" storage="c:\documents and settings\administrador\mis documentos\visual studio 2010\projects\softwaredesign\pr2-observerpattern.test\bin\debug\pr2-observerpattern.test.dll" id="d5e4d03e-a51e-d7e1-6449-74af4c77971b">
      <Execution id="7fca7b5f-840c-4827-96d9-40971ad2b789" />
      <TestMethod codeBase="C:/Documents and Settings/Administrador/Mis documentos/Visual Studio 2010/Projects/SoftwareDesign/Pr2-ObserverPattern.Test/bin/Debug/Pr2-ObserverPattern.Test.DLL" adapterTypeName="Microsoft.VisualStudio.TestTools.TestTypes.Unit.UnitTestAdapter, Microsoft.VisualStudio.QualityTools.Tips.UnitTest.Adapter, Version=10.0.0.0, Culture=neutral, PublicKeyToken=b03f5f7f11d50a3a" className="Pr2_ObserverPattern.Test.UserTest, Pr2-ObserverPattern.Test, Version=1.0.0.0, Culture=neutral, PublicKeyToken=null" name="UserConstructorTest" />
    </UnitTest>
  </TestDefinitions>
  <TestLists>
    <TestList name="Results Not in a List" id="8c84fa94-04c1-424b-9868-57a2d4851a1d" />
    <TestList name="All Loaded Results" id="19431567-8539-422a-85d7-44ee4e166bda" />
  </TestLists>
  <TestEntries>
    <TestEntry testId="d5e4d03e-a51e-d7e1-6449-74af4c77971b" executionId="7fca7b5f-840c-4827-96d9-40971ad2b789" testListId="8c84fa94-04c1-424b-9868-57a2d4851a1d" />
  </TestEntries>
  <Results>
    <UnitTestResult executionId="7fca7b5f-840c-4827-96d9-40971ad2b789" testId="d5e4d03e-a51e-d7e1-6449-74af4c77971b" testName="UserConstructorTest" computerName="GERARDO" duration="00:00:00.1521133" startTime="2013-10-07T21:36:25.4843750+02:00" endTime="2013-10-07T21:36:25.9531250+02:00" testType="13cdc9d9-ddb5-4fa4-a97d-d965ccfc6d4b" outcome="Passed" testListId="8c84fa94-04c1-424b-9868-57a2d4851a1d" relativeResultsDirectory="7fca7b5f-840c-4827-96d9-40971ad2b789">
    </UnitTestResult>
  </Results>
</TestRun>