<?xml version="1.0" encoding="UTF-8"?>
<TestRun id="5bc48eb6-4b3c-4cd1-a687-7d0bef17bf11" name="Administrador@GERARDO 2013-10-07 21:39:44" runUser="GERARDO\Administrador" xmlns="http://microsoft.com/schemas/VisualStudio/TeamTest/2010">
  <TestSettings name="Local" id="ea1579ee-3d17-4c7f-a67e-f9786e87a8f9">
    <Description>These are default test settings for a local test run.</Description>
    <Deployment enabled="false" runDeploymentRoot="Administrador_GERARDO 2013-10-07 21_39_44">
      <DeploymentItem filename="C:\Documents and Settings\Administrador\Mis documentos\Visual Studio 2010\Projects\SoftwareDesign\ObserverPattern-Twitter\bin\Debug\SoftwareDesign.Pr2.ObserverPattern.exe" />
    </Deployment>
    <Execution>
      <TestTypeSpecific />
      <AgentRule name="Execution Agents">
      </AgentRule>
    </Execution>
  </TestSettings>
  <Times creation="2013-10-07T21:39:44.4062500+02:00" queuing="2013-10-07T21:39:44.4375000+02:00" start="2013-10-07T21:39:44.4531250+02:00" finish="2013-10-07T21:39:45.0000000+02:00" />
  <ResultSummary outcome="Error">
    <Counters total="1" executed="1" error="1" failed="0" timeout="0" aborted="0" inconclusive="0" passedButRunAborted="0" notRunnable="0" notExecuted="0" disconnected="0" warning="0" passed="0" completed="0" inProgress="0" pending="0" />
  </ResultSummary>
  <TestDefinitions>
    <UnitTest name="NameTest" storage="c:\documents and settings\administrador\mis documentos\visual studio 2010\projects\softwaredesign\pr2-observerpattern.test\bin\debug\pr2-observerpattern.test.dll" id="42d4e71a-e9a7-f058-5497-ed26a349c300">
      <Execution id="2083d9f7-6479-4361-a58f-3364821be169" />
      <TestMethod codeBase="C:/Documents and Settings/Administrador/Mis documentos/Visual Studio 2010/Projects/SoftwareDesign/Pr2-ObserverPattern.Test/bin/Debug/Pr2-ObserverPattern.Test.DLL" adapterTypeName="Microsoft.VisualStudio.TestTools.TestTypes.Unit.UnitTestAdapter, Microsoft.VisualStudio.QualityTools.Tips.UnitTest.Adapter, Version=10.0.0.0, Culture=neutral, PublicKeyToken=b03f5f7f11d50a3a" className="Pr2_ObserverPattern.Test.UserTest, Pr2-ObserverPattern.Test, Version=1.0.0.0, Culture=neutral, PublicKeyToken=null" name="NameTest" />
    </UnitTest>
  </TestDefinitions>
  <TestLists>
    <TestList name="Results Not in a List" id="8c84fa94-04c1-424b-9868-57a2d4851a1d" />
    <TestList name="All Loaded Results" id="19431567-8539-422a-85d7-44ee4e166bda" />
  </TestLists>
  <TestEntries>
    <TestEntry testId="42d4e71a-e9a7-f058-5497-ed26a349c300" executionId="2083d9f7-6479-4361-a58f-3364821be169" testListId="8c84fa94-04c1-424b-9868-57a2d4851a1d" />
  </TestEntries>
  <Results>
    <UnitTestResult executionId="2083d9f7-6479-4361-a58f-3364821be169" testId="42d4e71a-e9a7-f058-5497-ed26a349c300" testName="NameTest" computerName="GERARDO" startTime="2013-10-07T21:39:44.4531250+02:00" endTime="2013-10-07T21:39:44.7968750+02:00" testType="13cdc9d9-ddb5-4fa4-a97d-d965ccfc6d4b" testListId="8c84fa94-04c1-424b-9868-57a2d4851a1d" relativeResultsDirectory="2083d9f7-6479-4361-a58f-3364821be169">
      <Output>
        <ErrorInfo>
          <Message>Method Pr2_ObserverPattern.Test.UserTest.UserConstructorTest has wrong signature.  The method should be marked static.</Message>
        </ErrorInfo>
      </Output>
    </UnitTestResult>
  </Results>
</TestRun>