<?xml version="1.0" encoding="UTF-8"?>
<TestRun id="1d0d2027-90a7-4792-abed-0499ec31228b" name="Administrador@GERARDO 2013-10-10 21:18:09" runUser="GERARDO\Administrador" xmlns="http://microsoft.com/schemas/VisualStudio/TeamTest/2010">
  <TestSettings name="Local" id="ea1579ee-3d17-4c7f-a67e-f9786e87a8f9">
    <Description>These are default test settings for a local test run.</Description>
    <Deployment enabled="false" runDeploymentRoot="Administrador_GERARDO 2013-10-10 21_18_09">
      <DeploymentItem filename="H:\Visual Studio 2010\Pr02-BidirectionalAssociations\bin\Release\Pr02-BidirectionalAssociations.exe" />
    </Deployment>
    <Execution>
      <TestTypeSpecific />
      <AgentRule name="Execution Agents">
      </AgentRule>
    </Execution>
  </TestSettings>
  <Times creation="2013-10-10T21:18:09.9375000+02:00" queuing="2013-10-10T21:18:11.8437500+02:00" start="2013-10-10T21:18:11.9062500+02:00" finish="2013-10-10T21:18:12.5156250+02:00" />
  <ResultSummary outcome="Completed">
    <Counters total="8" executed="8" passed="8" error="0" failed="0" timeout="0" aborted="0" inconclusive="0" passedButRunAborted="0" notRunnable="0" notExecuted="0" disconnected="0" warning="0" completed="0" inProgress="0" pending="0" />
  </ResultSummary>
  <TestDefinitions>
    <UnitTest name="SetNameTest" storage="h:\visual studio 2010\pr02-bidirectionalassociations.test\bin\release\pr02-bidirectionalassociations.test.dll" id="5712f85d-5f3f-79c3-1866-ac2ea45a032a">
      <Execution id="13debd0c-d51f-48f2-a404-0f2e913954e5" />
      <TestMethod codeBase="H:/Visual Studio 2010/Pr02-BidirectionalAssociations.Test/bin/Release/Pr02-BidirectionalAssociations.Test.DLL" adapterTypeName="Microsoft.VisualStudio.TestTools.TestTypes.Unit.UnitTestAdapter, Microsoft.VisualStudio.QualityTools.Tips.UnitTest.Adapter, Version=10.0.0.0, Culture=neutral, PublicKeyToken=b03f5f7f11d50a3a" className="Pr02_BidirectionalAssociations.TotalPolygamy.Test.ManTest, Pr02-BidirectionalAssociations.Test, Version=1.0.0.0, Culture=neutral, PublicKeyToken=null" name="SetNameTest" />
    </UnitTest>
    <UnitTest name="HasMarriedTest" storage="h:\visual studio 2010\pr02-bidirectionalassociations.test\bin\release\pr02-bidirectionalassociations.test.dll" id="e9019dbe-0b40-f483-3081-444d2694b648">
      <Execution id="fa3ad958-4550-47bf-9337-511fb2b1ef54" />
      <TestMethod codeBase="H:/Visual Studio 2010/Pr02-BidirectionalAssociations.Test/bin/Release/Pr02-BidirectionalAssociations.Test.DLL" adapterTypeName="Microsoft.VisualStudio.TestTools.TestTypes.Unit.UnitTestAdapter, Microsoft.VisualStudio.QualityTools.Tips.UnitTest.Adapter, Version=10.0.0.0, Culture=neutral, PublicKeyToken=b03f5f7f11d50a3a" className="Pr02_BidirectionalAssociations.TotalPolygamy.Test.ManTest, Pr02-BidirectionalAssociations.Test, Version=1.0.0.0, Culture=neutral, PublicKeyToken=null" name="HasMarriedTest" />
    </UnitTest>
    <UnitTest name="RemoveWifeTest" storage="h:\visual studio 2010\pr02-bidirectionalassociations.test\bin\release\pr02-bidirectionalassociations.test.dll" id="1e088bf3-67f9-529c-3446-e22718fb0758">
      <Execution id="5b435a22-71c4-440b-9228-8807320e9686" />
      <TestMethod codeBase="H:/Visual Studio 2010/Pr02-BidirectionalAssociations.Test/bin/Release/Pr02-BidirectionalAssociations.Test.DLL" adapterTypeName="Microsoft.VisualStudio.TestTools.TestTypes.Unit.UnitTestAdapter, Microsoft.VisualStudio.QualityTools.Tips.UnitTest.Adapter, Version=10.0.0.0, Culture=neutral, PublicKeyToken=b03f5f7f11d50a3a" className="Pr02_BidirectionalAssociations.TotalPolygamy.Test.ManTest, Pr02-BidirectionalAssociations.Test, Version=1.0.0.0, Culture=neutral, PublicKeyToken=null" name="RemoveWifeTest" />
    </UnitTest>
    <UnitTest name="EqualsTest" storage="h:\visual studio 2010\pr02-bidirectionalassociations.test\bin\release\pr02-bidirectionalassociations.test.dll" id="0a95107e-7518-75d8-dd86-6125a1cef9bc">
      <Execution id="a04963d7-1a66-4db2-bf41-59990b617976" />
      <TestMethod codeBase="H:/Visual Studio 2010/Pr02-BidirectionalAssociations.Test/bin/Release/Pr02-BidirectionalAssociations.Test.DLL" adapterTypeName="Microsoft.VisualStudio.TestTools.TestTypes.Unit.UnitTestAdapter, Microsoft.VisualStudio.QualityTools.Tips.UnitTest.Adapter, Version=10.0.0.0, Culture=neutral, PublicKeyToken=b03f5f7f11d50a3a" className="Pr02_BidirectionalAssociations.TotalPolygamy.Test.ManTest, Pr02-BidirectionalAssociations.Test, Version=1.0.0.0, Culture=neutral, PublicKeyToken=null" name="EqualsTest" />
    </UnitTest>
    <UnitTest name="ChangeCouplesTest" storage="h:\visual studio 2010\pr02-bidirectionalassociations.test\bin\release\pr02-bidirectionalassociations.test.dll" id="59c5ad3f-2730-7b39-3d14-ccbca2a27f2c">
      <Execution id="a5b4abba-570c-4b8c-a6f1-618c1fb581e6" />
      <TestMethod codeBase="H:/Visual Studio 2010/Pr02-BidirectionalAssociations.Test/bin/Release/Pr02-BidirectionalAssociations.Test.DLL" adapterTypeName="Microsoft.VisualStudio.TestTools.TestTypes.Unit.UnitTestAdapter, Microsoft.VisualStudio.QualityTools.Tips.UnitTest.Adapter, Version=10.0.0.0, Culture=neutral, PublicKeyToken=b03f5f7f11d50a3a" className="Pr02_BidirectionalAssociations.TotalPolygamy.Test.ManTest, Pr02-BidirectionalAssociations.Test, Version=1.0.0.0, Culture=neutral, PublicKeyToken=null" name="ChangeCouplesTest" />
    </UnitTest>
    <UnitTest name="AddWifeTest" storage="h:\visual studio 2010\pr02-bidirectionalassociations.test\bin\release\pr02-bidirectionalassociations.test.dll" id="b42f9bdf-c0ce-b4d8-e4a6-c39d9a0bbeab">
      <Execution id="bfd99f22-3307-44fe-af77-46fb6328e679" />
      <TestMethod codeBase="H:/Visual Studio 2010/Pr02-BidirectionalAssociations.Test/bin/Release/Pr02-BidirectionalAssociations.Test.DLL" adapterTypeName="Microsoft.VisualStudio.TestTools.TestTypes.Unit.UnitTestAdapter, Microsoft.VisualStudio.QualityTools.Tips.UnitTest.Adapter, Version=10.0.0.0, Culture=neutral, PublicKeyToken=b03f5f7f11d50a3a" className="Pr02_BidirectionalAssociations.TotalPolygamy.Test.ManTest, Pr02-BidirectionalAssociations.Test, Version=1.0.0.0, Culture=neutral, PublicKeyToken=null" name="AddWifeTest" />
    </UnitTest>
    <UnitTest name="ManConstructorTest" storage="h:\visual studio 2010\pr02-bidirectionalassociations.test\bin\release\pr02-bidirectionalassociations.test.dll" id="4eb52f4c-62dc-8956-24fe-b0b0eaeb08b8">
      <Execution id="004281ac-b0fc-41dc-b99f-51b2d07c37d5" />
      <TestMethod codeBase="H:/Visual Studio 2010/Pr02-BidirectionalAssociations.Test/bin/Release/Pr02-BidirectionalAssociations.Test.DLL" adapterTypeName="Microsoft.VisualStudio.TestTools.TestTypes.Unit.UnitTestAdapter, Microsoft.VisualStudio.QualityTools.Tips.UnitTest.Adapter, Version=10.0.0.0, Culture=neutral, PublicKeyToken=b03f5f7f11d50a3a" className="Pr02_BidirectionalAssociations.TotalPolygamy.Test.ManTest, Pr02-BidirectionalAssociations.Test, Version=1.0.0.0, Culture=neutral, PublicKeyToken=null" name="ManConstructorTest" />
    </UnitTest>
    <UnitTest name="GetNameTest" storage="h:\visual studio 2010\pr02-bidirectionalassociations.test\bin\release\pr02-bidirectionalassociations.test.dll" id="41bed7c6-890d-3d09-5334-5e20577baa3a">
      <Execution id="da34da98-6451-445e-9cb0-ef856b820e88" />
      <TestMethod codeBase="H:/Visual Studio 2010/Pr02-BidirectionalAssociations.Test/bin/Release/Pr02-BidirectionalAssociations.Test.DLL" adapterTypeName="Microsoft.VisualStudio.TestTools.TestTypes.Unit.UnitTestAdapter, Microsoft.VisualStudio.QualityTools.Tips.UnitTest.Adapter, Version=10.0.0.0, Culture=neutral, PublicKeyToken=b03f5f7f11d50a3a" className="Pr02_BidirectionalAssociations.TotalPolygamy.Test.ManTest, Pr02-BidirectionalAssociations.Test, Version=1.0.0.0, Culture=neutral, PublicKeyToken=null" name="GetNameTest" />
    </UnitTest>
  </TestDefinitions>
  <TestLists>
    <TestList name="Results Not in a List" id="8c84fa94-04c1-424b-9868-57a2d4851a1d" />
    <TestList name="All Loaded Results" id="19431567-8539-422a-85d7-44ee4e166bda" />
  </TestLists>
  <TestEntries>
    <TestEntry testId="4eb52f4c-62dc-8956-24fe-b0b0eaeb08b8" executionId="004281ac-b0fc-41dc-b99f-51b2d07c37d5" testListId="8c84fa94-04c1-424b-9868-57a2d4851a1d" />
    <TestEntry testId="0a95107e-7518-75d8-dd86-6125a1cef9bc" executionId="a04963d7-1a66-4db2-bf41-59990b617976" testListId="8c84fa94-04c1-424b-9868-57a2d4851a1d" />
    <TestEntry testId="41bed7c6-890d-3d09-5334-5e20577baa3a" executionId="da34da98-6451-445e-9cb0-ef856b820e88" testListId="8c84fa94-04c1-424b-9868-57a2d4851a1d" />
    <TestEntry testId="5712f85d-5f3f-79c3-1866-ac2ea45a032a" executionId="13debd0c-d51f-48f2-a404-0f2e913954e5" testListId="8c84fa94-04c1-424b-9868-57a2d4851a1d" />
    <TestEntry testId="b42f9bdf-c0ce-b4d8-e4a6-c39d9a0bbeab" executionId="bfd99f22-3307-44fe-af77-46fb6328e679" testListId="8c84fa94-04c1-424b-9868-57a2d4851a1d" />
    <TestEntry testId="e9019dbe-0b40-f483-3081-444d2694b648" executionId="fa3ad958-4550-47bf-9337-511fb2b1ef54" testListId="8c84fa94-04c1-424b-9868-57a2d4851a1d" />
    <TestEntry testId="1e088bf3-67f9-529c-3446-e22718fb0758" executionId="5b435a22-71c4-440b-9228-8807320e9686" testListId="8c84fa94-04c1-424b-9868-57a2d4851a1d" />
    <TestEntry testId="59c5ad3f-2730-7b39-3d14-ccbca2a27f2c" executionId="a5b4abba-570c-4b8c-a6f1-618c1fb581e6" testListId="8c84fa94-04c1-424b-9868-57a2d4851a1d" />
  </TestEntries>
  <Results>
    <UnitTestResult executionId="004281ac-b0fc-41dc-b99f-51b2d07c37d5" testId="4eb52f4c-62dc-8956-24fe-b0b0eaeb08b8" testName="ManConstructorTest" computerName="GERARDO" duration="00:00:00.0618140" startTime="2013-10-10T21:18:11.9218750+02:00" endTime="2013-10-10T21:18:12.4218750+02:00" testType="13cdc9d9-ddb5-4fa4-a97d-d965ccfc6d4b" outcome="Passed" testListId="8c84fa94-04c1-424b-9868-57a2d4851a1d" relativeResultsDirectory="004281ac-b0fc-41dc-b99f-51b2d07c37d5">
    </UnitTestResult>
    <UnitTestResult executionId="a04963d7-1a66-4db2-bf41-59990b617976" testId="0a95107e-7518-75d8-dd86-6125a1cef9bc" testName="EqualsTest" computerName="GERARDO" duration="00:00:00.0010921" startTime="2013-10-10T21:18:12.4218750+02:00" endTime="2013-10-10T21:18:12.4218750+02:00" testType="13cdc9d9-ddb5-4fa4-a97d-d965ccfc6d4b" outcome="Passed" testListId="8c84fa94-04c1-424b-9868-57a2d4851a1d" relativeResultsDirectory="a04963d7-1a66-4db2-bf41-59990b617976">
    </UnitTestResult>
    <UnitTestResult executionId="da34da98-6451-445e-9cb0-ef856b820e88" testId="41bed7c6-890d-3d09-5334-5e20577baa3a" testName="GetNameTest" computerName="GERARDO" duration="00:00:00.0005958" startTime="2013-10-10T21:18:12.4218750+02:00" endTime="2013-10-10T21:18:12.4375000+02:00" testType="13cdc9d9-ddb5-4fa4-a97d-d965ccfc6d4b" outcome="Passed" testListId="8c84fa94-04c1-424b-9868-57a2d4851a1d" relativeResultsDirectory="da34da98-6451-445e-9cb0-ef856b820e88">
    </UnitTestResult>
    <UnitTestResult executionId="13debd0c-d51f-48f2-a404-0f2e913954e5" testId="5712f85d-5f3f-79c3-1866-ac2ea45a032a" testName="SetNameTest" computerName="GERARDO" duration="00:00:00.0005590" startTime="2013-10-10T21:18:12.4375000+02:00" endTime="2013-10-10T21:18:12.4375000+02:00" testType="13cdc9d9-ddb5-4fa4-a97d-d965ccfc6d4b" outcome="Passed" testListId="8c84fa94-04c1-424b-9868-57a2d4851a1d" relativeResultsDirectory="13debd0c-d51f-48f2-a404-0f2e913954e5">
    </UnitTestResult>
    <UnitTestResult executionId="bfd99f22-3307-44fe-af77-46fb6328e679" testId="b42f9bdf-c0ce-b4d8-e4a6-c39d9a0bbeab" testName="AddWifeTest" computerName="GERARDO" duration="00:00:00.0024383" startTime="2013-10-10T21:18:12.4375000+02:00" endTime="2013-10-10T21:18:12.4531250+02:00" testType="13cdc9d9-ddb5-4fa4-a97d-d965ccfc6d4b" outcome="Passed" testListId="8c84fa94-04c1-424b-9868-57a2d4851a1d" relativeResultsDirectory="bfd99f22-3307-44fe-af77-46fb6328e679">
    </UnitTestResult>
    <UnitTestResult executionId="fa3ad958-4550-47bf-9337-511fb2b1ef54" testId="e9019dbe-0b40-f483-3081-444d2694b648" testName="HasMarriedTest" computerName="GERARDO" duration="00:00:00.0008710" startTime="2013-10-10T21:18:12.4531250+02:00" endTime="2013-10-10T21:18:12.4531250+02:00" testType="13cdc9d9-ddb5-4fa4-a97d-d965ccfc6d4b" outcome="Passed" testListId="8c84fa94-04c1-424b-9868-57a2d4851a1d" relativeResultsDirectory="fa3ad958-4550-47bf-9337-511fb2b1ef54">
    </UnitTestResult>
    <UnitTestResult executionId="5b435a22-71c4-440b-9228-8807320e9686" testId="1e088bf3-67f9-529c-3446-e22718fb0758" testName="RemoveWifeTest" computerName="GERARDO" duration="00:00:00.0013519" startTime="2013-10-10T21:18:12.4531250+02:00" endTime="2013-10-10T21:18:12.4531250+02:00" testType="13cdc9d9-ddb5-4fa4-a97d-d965ccfc6d4b" outcome="Passed" testListId="8c84fa94-04c1-424b-9868-57a2d4851a1d" relativeResultsDirectory="5b435a22-71c4-440b-9228-8807320e9686">
    </UnitTestResult>
    <UnitTestResult executionId="a5b4abba-570c-4b8c-a6f1-618c1fb581e6" testId="59c5ad3f-2730-7b39-3d14-ccbca2a27f2c" testName="ChangeCouplesTest" computerName="GERARDO" duration="00:00:00.0015301" startTime="2013-10-10T21:18:12.4531250+02:00" endTime="2013-10-10T21:18:12.4687500+02:00" testType="13cdc9d9-ddb5-4fa4-a97d-d965ccfc6d4b" outcome="Passed" testListId="8c84fa94-04c1-424b-9868-57a2d4851a1d" relativeResultsDirectory="a5b4abba-570c-4b8c-a6f1-618c1fb581e6">
    </UnitTestResult>
  </Results>
</TestRun>