<?xml version="1.0" encoding="UTF-8"?>
<TestRun id="580eaabf-1447-4403-826c-d367c8ac7bee" name="Administrador@GERARDO 2013-10-09 16:20:29" runUser="GERARDO\Administrador" xmlns="http://microsoft.com/schemas/VisualStudio/TeamTest/2010">
  <TestSettings name="Local" id="ea1579ee-3d17-4c7f-a67e-f9786e87a8f9">
    <Description>These are default test settings for a local test run.</Description>
    <Deployment enabled="false" runDeploymentRoot="Administrador_GERARDO 2013-10-09 16_20_29">
      <DeploymentItem filename="H:\Visual Studio 2010\Pr02-BidirectionalAssociations\bin\Release\Pr02-BidirectionalAssociations.exe" />
    </Deployment>
    <Execution>
      <TestTypeSpecific />
      <AgentRule name="Execution Agents">
      </AgentRule>
    </Execution>
  </TestSettings>
  <Times creation="2013-10-09T16:20:29.4218750+02:00" queuing="2013-10-09T16:20:29.5781250+02:00" start="2013-10-09T16:20:29.5937500+02:00" finish="2013-10-09T16:20:30.0625000+02:00" />
  <ResultSummary outcome="Completed">
    <Counters total="1" executed="1" passed="1" error="0" failed="0" timeout="0" aborted="0" inconclusive="0" passedButRunAborted="0" notRunnable="0" notExecuted="0" disconnected="0" warning="0" completed="0" inProgress="0" pending="0" />
  </ResultSummary>
  <TestDefinitions>
    <UnitTest name="ManConstructorTest" storage="h:\visual studio 2010\pr02-bidirectionalassociations.test\bin\release\pr02-bidirectionalassociations.test.dll" id="ca654c3f-ab03-0856-6ae5-704455799c0e">
      <Execution id="6208b91f-52bf-4cef-bc16-afe01af63435" />
      <TestMethod codeBase="H:/Visual Studio 2010/Pr02-BidirectionalAssociations.Test/bin/Release/Pr02-BidirectionalAssociations.Test.DLL" adapterTypeName="Microsoft.VisualStudio.TestTools.TestTypes.Unit.UnitTestAdapter, Microsoft.VisualStudio.QualityTools.Tips.UnitTest.Adapter, Version=10.0.0.0, Culture=neutral, PublicKeyToken=b03f5f7f11d50a3a" className="Pr02_BidirectionalAssociations.PeopleMustBeMarried.Test.ManTest, Pr02-BidirectionalAssociations.Test, Version=1.0.0.0, Culture=neutral, PublicKeyToken=null" name="ManConstructorTest" />
    </UnitTest>
  </TestDefinitions>
  <TestLists>
    <TestList name="Results Not in a List" id="8c84fa94-04c1-424b-9868-57a2d4851a1d" />
    <TestList name="All Loaded Results" id="19431567-8539-422a-85d7-44ee4e166bda" />
  </TestLists>
  <TestEntries>
    <TestEntry testId="ca654c3f-ab03-0856-6ae5-704455799c0e" executionId="6208b91f-52bf-4cef-bc16-afe01af63435" testListId="8c84fa94-04c1-424b-9868-57a2d4851a1d" />
  </TestEntries>
  <Results>
    <UnitTestResult executionId="6208b91f-52bf-4cef-bc16-afe01af63435" testId="ca654c3f-ab03-0856-6ae5-704455799c0e" testName="ManConstructorTest" computerName="GERARDO" duration="00:00:00.0474830" startTime="2013-10-09T16:20:29.6093750+02:00" endTime="2013-10-09T16:20:30.0312500+02:00" testType="13cdc9d9-ddb5-4fa4-a97d-d965ccfc6d4b" outcome="Passed" testListId="8c84fa94-04c1-424b-9868-57a2d4851a1d" relativeResultsDirectory="6208b91f-52bf-4cef-bc16-afe01af63435">
    </UnitTestResult>
  </Results>
</TestRun>