<?xml version="1.0" encoding="UTF-8"?>
<TestRun id="19a831b4-b70c-4ce2-8174-439ded2a0c30" name="Administrador@GERARDO 2013-10-07 21:28:47" runUser="GERARDO\Administrador" xmlns="http://microsoft.com/schemas/VisualStudio/TeamTest/2010">
  <TestSettings name="Local" id="ea1579ee-3d17-4c7f-a67e-f9786e87a8f9">
    <Description>These are default test settings for a local test run.</Description>
    <Deployment enabled="false" runDeploymentRoot="Administrador_GERARDO 2013-10-07 21_28_47">
      <DeploymentItem filename="C:\Documents and Settings\Administrador\Mis documentos\Visual Studio 2010\Projects\SoftwareDesign\ObserverPattern-Twitter\bin\Debug\SoftwareDesign.Pr2.ObserverPattern.exe" />
    </Deployment>
    <Execution>
      <TestTypeSpecific />
      <AgentRule name="Execution Agents">
      </AgentRule>
    </Execution>
  </TestSettings>
  <Times creation="2013-10-07T21:28:47.1093750+02:00" queuing="2013-10-07T21:28:50.2656250+02:00" start="2013-10-07T21:28:50.5468750+02:00" finish="2013-10-07T21:28:52.3593750+02:00" />
  <ResultSummary outcome="Failed">
    <Counters total="4" executed="4" passed="1" error="0" failed="1" timeout="0" aborted="0" inconclusive="2" passedButRunAborted="0" notRunnable="0" notExecuted="0" disconnected="0" warning="0" completed="0" inProgress="0" pending="0" />
  </ResultSummary>
  <TestDefinitions>
    <UnitTest name="getUserlineTest" storage="c:\documents and settings\administrador\mis documentos\visual studio 2010\projects\softwaredesign\pr2-observerpattern.test\bin\debug\pr2-observerpattern.test.dll" id="74d8afaf-a527-a262-a90c-ba1b4594d47d">
      <Execution id="b57d5d9a-9887-4238-876f-4058a1385932" />
      <TestMethod codeBase="C:/Documents and Settings/Administrador/Mis documentos/Visual Studio 2010/Projects/SoftwareDesign/Pr2-ObserverPattern.Test/bin/Debug/Pr2-ObserverPattern.Test.DLL" adapterTypeName="Microsoft.VisualStudio.TestTools.TestTypes.Unit.UnitTestAdapter, Microsoft.VisualStudio.QualityTools.Tips.UnitTest.Adapter, Version=10.0.0.0, Culture=neutral, PublicKeyToken=b03f5f7f11d50a3a" className="Pr2_ObserverPattern.Test.UserTest, Pr2-ObserverPattern.Test, Version=1.0.0.0, Culture=neutral, PublicKeyToken=null" name="getUserlineTest" />
    </UnitTest>
    <UnitTest name="NameTest" storage="c:\documents and settings\administrador\mis documentos\visual studio 2010\projects\softwaredesign\pr2-observerpattern.test\bin\debug\pr2-observerpattern.test.dll" id="42d4e71a-e9a7-f058-5497-ed26a349c300">
      <Execution id="ab364d44-1d67-4358-aee5-36dae0550e5b" />
      <TestMethod codeBase="C:/Documents and Settings/Administrador/Mis documentos/Visual Studio 2010/Projects/SoftwareDesign/Pr2-ObserverPattern.Test/bin/Debug/Pr2-ObserverPattern.Test.DLL" adapterTypeName="Microsoft.VisualStudio.TestTools.TestTypes.Unit.UnitTestAdapter, Microsoft.VisualStudio.QualityTools.Tips.UnitTest.Adapter, Version=10.0.0.0, Culture=neutral, PublicKeyToken=b03f5f7f11d50a3a" className="Pr2_ObserverPattern.Test.UserTest, Pr2-ObserverPattern.Test, Version=1.0.0.0, Culture=neutral, PublicKeyToken=null" name="NameTest" />
    </UnitTest>
    <UnitTest name="addPostTest" storage="c:\documents and settings\administrador\mis documentos\visual studio 2010\projects\softwaredesign\pr2-observerpattern.test\bin\debug\pr2-observerpattern.test.dll" id="dab52190-0783-cdb5-1bd0-6828a0c53a01">
      <Execution id="04c6611b-0e0c-4de0-b1e2-374b86824f4a" />
      <TestMethod codeBase="C:/Documents and Settings/Administrador/Mis documentos/Visual Studio 2010/Projects/SoftwareDesign/Pr2-ObserverPattern.Test/bin/Debug/Pr2-ObserverPattern.Test.DLL" adapterTypeName="Microsoft.VisualStudio.TestTools.TestTypes.Unit.UnitTestAdapter, Microsoft.VisualStudio.QualityTools.Tips.UnitTest.Adapter, Version=10.0.0.0, Culture=neutral, PublicKeyToken=b03f5f7f11d50a3a" className="Pr2_ObserverPattern.Test.UserTest, Pr2-ObserverPattern.Test, Version=1.0.0.0, Culture=neutral, PublicKeyToken=null" name="addPostTest" />
    </UnitTest>
    <UnitTest name="UserConstructorTest" storage="c:\documents and settings\administrador\mis documentos\visual studio 2010\projects\softwaredesign\pr2-observerpattern.test\bin\debug\pr2-observerpattern.test.dll" id="d5e4d03e-a51e-d7e1-6449-74af4c77971b">
      <Execution id="4e000145-83e7-4fdf-bbb7-0cc9b94c662a" />
      <TestMethod codeBase="C:/Documents and Settings/Administrador/Mis documentos/Visual Studio 2010/Projects/SoftwareDesign/Pr2-ObserverPattern.Test/bin/Debug/Pr2-ObserverPattern.Test.DLL" adapterTypeName="Microsoft.VisualStudio.TestTools.TestTypes.Unit.UnitTestAdapter, Microsoft.VisualStudio.QualityTools.Tips.UnitTest.Adapter, Version=10.0.0.0, Culture=neutral, PublicKeyToken=b03f5f7f11d50a3a" className="Pr2_ObserverPattern.Test.UserTest, Pr2-ObserverPattern.Test, Version=1.0.0.0, Culture=neutral, PublicKeyToken=null" name="UserConstructorTest" />
    </UnitTest>
  </TestDefinitions>
  <TestLists>
    <TestList name="Results Not in a List" id="8c84fa94-04c1-424b-9868-57a2d4851a1d" />
    <TestList name="All Loaded Results" id="19431567-8539-422a-85d7-44ee4e166bda" />
  </TestLists>
  <TestEntries>
    <TestEntry testId="42d4e71a-e9a7-f058-5497-ed26a349c300" executionId="ab364d44-1d67-4358-aee5-36dae0550e5b" testListId="8c84fa94-04c1-424b-9868-57a2d4851a1d" />
    <TestEntry testId="74d8afaf-a527-a262-a90c-ba1b4594d47d" executionId="b57d5d9a-9887-4238-876f-4058a1385932" testListId="8c84fa94-04c1-424b-9868-57a2d4851a1d" />
    <TestEntry testId="d5e4d03e-a51e-d7e1-6449-74af4c77971b" executionId="4e000145-83e7-4fdf-bbb7-0cc9b94c662a" testListId="8c84fa94-04c1-424b-9868-57a2d4851a1d" />
    <TestEntry testId="dab52190-0783-cdb5-1bd0-6828a0c53a01" executionId="04c6611b-0e0c-4de0-b1e2-374b86824f4a" testListId="8c84fa94-04c1-424b-9868-57a2d4851a1d" />
  </TestEntries>
  <Results>
    <UnitTestResult executionId="ab364d44-1d67-4358-aee5-36dae0550e5b" testId="42d4e71a-e9a7-f058-5497-ed26a349c300" testName="NameTest" computerName="GERARDO" duration="00:00:00.2542518" startTime="2013-10-07T21:28:50.7031250+02:00" endTime="2013-10-07T21:28:52.1406250+02:00" testType="13cdc9d9-ddb5-4fa4-a97d-d965ccfc6d4b" outcome="Inconclusive" testListId="8c84fa94-04c1-424b-9868-57a2d4851a1d" relativeResultsDirectory="ab364d44-1d67-4358-aee5-36dae0550e5b">
      <Output>
        <ErrorInfo>
          <Message>Assert.Inconclusive failed. Verify the correctness of this test method.</Message>
          <StackTrace>   at Pr2_ObserverPattern.Test.UserTest.NameTest() in C:\Documents and Settings\Administrador\Mis documentos\Visual Studio 2010\Projects\SoftwareDesign\Pr2-ObserverPattern.Test\UserTest.cs:line 114
</StackTrace>
        </ErrorInfo>
      </Output>
    </UnitTestResult>
    <UnitTestResult executionId="b57d5d9a-9887-4238-876f-4058a1385932" testId="74d8afaf-a527-a262-a90c-ba1b4594d47d" testName="getUserlineTest" computerName="GERARDO" duration="00:00:00.0009067" startTime="2013-10-07T21:28:52.1562500+02:00" endTime="2013-10-07T21:28:52.1562500+02:00" testType="13cdc9d9-ddb5-4fa4-a97d-d965ccfc6d4b" outcome="Inconclusive" testListId="8c84fa94-04c1-424b-9868-57a2d4851a1d" relativeResultsDirectory="b57d5d9a-9887-4238-876f-4058a1385932">
      <Output>
        <ErrorInfo>
          <Message>Assert.Inconclusive failed. Verify the correctness of this test method.</Message>
          <StackTrace>   at Pr2_ObserverPattern.Test.UserTest.getUserlineTest() in C:\Documents and Settings\Administrador\Mis documentos\Visual Studio 2010\Projects\SoftwareDesign\Pr2-ObserverPattern.Test\UserTest.cs:line 99
</StackTrace>
        </ErrorInfo>
      </Output>
    </UnitTestResult>
    <UnitTestResult executionId="4e000145-83e7-4fdf-bbb7-0cc9b94c662a" testId="d5e4d03e-a51e-d7e1-6449-74af4c77971b" testName="UserConstructorTest" computerName="GERARDO" duration="00:00:00.0002888" startTime="2013-10-07T21:28:52.1562500+02:00" endTime="2013-10-07T21:28:52.1718750+02:00" testType="13cdc9d9-ddb5-4fa4-a97d-d965ccfc6d4b" outcome="Passed" testListId="8c84fa94-04c1-424b-9868-57a2d4851a1d" relativeResultsDirectory="4e000145-83e7-4fdf-bbb7-0cc9b94c662a">
    </UnitTestResult>
    <UnitTestResult executionId="04c6611b-0e0c-4de0-b1e2-374b86824f4a" testId="dab52190-0783-cdb5-1bd0-6828a0c53a01" testName="addPostTest" computerName="GERARDO" duration="00:00:00.0666653" startTime="2013-10-07T21:28:52.1718750+02:00" endTime="2013-10-07T21:28:52.2500000+02:00" testType="13cdc9d9-ddb5-4fa4-a97d-d965ccfc6d4b" outcome="Failed" testListId="8c84fa94-04c1-424b-9868-57a2d4851a1d" relativeResultsDirectory="04c6611b-0e0c-4de0-b1e2-374b86824f4a">
      <Output>
        <ErrorInfo>
          <Message>Assert.IsTrue failed. </Message>
          <StackTrace>   at Pr2_ObserverPattern.Test.UserTest.addPostTest() in C:\Documents and Settings\Administrador\Mis documentos\Visual Studio 2010\Projects\SoftwareDesign\Pr2-ObserverPattern.Test\UserTest.cs:line 86
</StackTrace>
        </ErrorInfo>
      </Output>
    </UnitTestResult>
  </Results>
</TestRun>